/var/log/daemon.log
/var/log/lastlog
/var/log/gdm/:0-slave.log
/var/log/gdm/:0.log
/var/log/gdm/xsplash-gdm.log
/var/log/gdm/:0-greeter.log
/var/log/syslog.1
/var/log/mysql.log
/var/log/kern.log
/var/log/udev
/var/log/pm-powersave.log
/var/log/syslog
/var/log/Xorg.0.log
/var/log/debug
/var/log/ConsoleKit/history
/var/log/samba/log.smbd
/var/log/samba/log.nmbd
/var/log/samba/log.huangyin-df3053
/var/log/samba/log.huangyin-6mbgei
/var/log/auth.log
/var/log/messages
/var/log/user.log
/var/log/tomcat6/localhost.2010-03-15.log
/var/log/tomcat6/catalina.2010-03-15.log
/var/log/wtmp
/var/log/lpr.log
/var/log/wpa_supplicant.log
/var/log/dmesg
